<?xml version="1.0" encoding="UTF-8"?>
<testng-results ignored="0" total="1" passed="0" failed="1" skipped="0">
  <reporter-output>
  </reporter-output>
  <suite started-at="2023-08-31T11:10:26 IST" name="Default suite" finished-at="2023-08-31T11:10:41 IST" duration-ms="14906">
    <groups>
      <group name="cucumber">
        <method signature="AbstractTestNGCucumberTests.runScenario(io.cucumber.testng.PickleWrapper,io.cucumber.testng.FeatureWrapper)[pri:0, instance:com.purna.runner.RunPurnaTest@3eb25e1a]" name="runScenario" class="io.cucumber.testng.AbstractTestNGCucumberTests"/>
      </group> <!-- cucumber -->
    </groups>
    <test started-at="2023-08-31T11:10:26 IST" name="Default test" finished-at="2023-08-31T11:10:41 IST" duration-ms="14906">
      <class name="com.purna.runner.RunPurnaTest">
        <test-method is-config="true" signature="setUpClass(org.testng.ITestContext)[pri:0, instance:com.purna.runner.RunPurnaTest@3eb25e1a]" started-at="2023-08-31T11:10:26 IST" name="setUpClass" finished-at="2023-08-31T11:10:27 IST" duration-ms="1078" status="PASS">
          <params>
            <param index="0">
              <value>
                <![CDATA[org.testng.TestRunner@7dd91ffc]]>
              </value>
            </param>
          </params>
          <reporter-output>
          </reporter-output>
        </test-method> <!-- setUpClass -->
        <test-method signature="runScenario(io.cucumber.testng.PickleWrapper,io.cucumber.testng.FeatureWrapper)[pri:0, instance:com.purna.runner.RunPurnaTest@3eb25e1a]" started-at="2023-08-31T11:10:27 IST" name="runScenario" description="Runs Cucumber Scenarios" data-provider="scenarios" finished-at="2023-08-31T11:10:38 IST" duration-ms="10930" status="FAIL">
          <params>
            <param index="0">
              <value>
                <![CDATA["Verify that the supplier details is deleted successfully"]]>
              </value>
            </param>
            <param index="1">
              <value>
                <![CDATA["Verify the login module"]]>
              </value>
            </param>
          </params>
          <exception class="java.lang.AssertionError">
            <message>
              <![CDATA[expected:<3> but was:<0>]]>
            </message>
            <full-stacktrace>
              <![CDATA[java.lang.AssertionError: expected:<3> but was:<0>
at org.junit.Assert.fail(Assert.java:93)
at org.junit.Assert.failNotEquals(Assert.java:647)
at org.junit.Assert.assertEquals(Assert.java:128)
at org.junit.Assert.assertEquals(Assert.java:472)
at org.junit.Assert.assertEquals(Assert.java:456)
at com.purna.stepdefinitions.DeleteSupplier_stepdefinition.user_verifies_that_the_supplier_details_is_deleted(DeleteSupplier_stepdefinition.java:49)
at âœ½.User verifies that the supplier details is deleted(file:///C:/Drivers/web-ui-bdd-framework/web-ui-bdd-framework/src/test/resources/features/DeleteSuplier.feature:12)
]]>
            </full-stacktrace>
          </exception> <!-- java.lang.AssertionError -->
          <reporter-output>
          </reporter-output>
        </test-method> <!-- runScenario -->
        <test-method is-config="true" signature="tearDownClass()[pri:0, instance:com.purna.runner.RunPurnaTest@3eb25e1a]" started-at="2023-08-31T11:10:38 IST" name="tearDownClass" finished-at="2023-08-31T11:10:41 IST" duration-ms="2830" status="PASS">
          <reporter-output>
          </reporter-output>
        </test-method> <!-- tearDownClass -->
      </class> <!-- com.purna.runner.RunPurnaTest -->
    </test> <!-- Default test -->
  </suite> <!-- Default suite -->
</testng-results>
